<?xml version="1.0" encoding="UTF-8"?>
<testsuite name="ParserTest" tests="3" skipped="0" failures="0" errors="0" timestamp="2024-05-04T19:52:50" hostname="DESKTOP-4PBM0MJ" time="0.144">
  <properties/>
  <testcase name="testSortByArea()" classname="ParserTest" time="0.116"/>
  <testcase name="testSortByName()" classname="ParserTest" time="0.009"/>
  <testcase name="testSortByPopulation()" classname="ParserTest" time="0.011"/>
  <system-out><![CDATA[]]></system-out>
  <system-err><![CDATA[]]></system-err>
</testsuite>
